An error occurred:
['text'] are not supported arguments. Look at the documentation for supported arguments.

Traceback (most recent call last):
  File "c:\Users\Alex\Documents\video_ffmpeg\main_multi_audio.py", line 709, in <module>
    app = App()
  File "c:\Users\Alex\Documents\video_ffmpeg\main_multi_audio.py", line 37, in __init__
    self.update_ui_texts()
    ~~~~~~~~~~~~~~~~~~~~^^
  File "c:\Users\Alex\Documents\video_ffmpeg\main_multi_audio.py", line 210, in update_ui_texts
    self.tab_view.tab("render_tab").configure(text=texts.get("tab_render", "Render"))
    ~~~~~~~~~~~~~~~~~~~~~~~~~~~~~~~~~~~~~~~~~^^^^^^^^^^^^^^^^^^^^^^^^^^^^^^^^^^^^^^^^
  File "C:\Users\Alex\Documents\video_ffmpeg\.venv\Lib\site-packages\customtkinter\windows\widgets\ctk_frame.py", line 167, in configure
    super().configure(require_redraw=require_redraw, **kwargs)
    ~~~~~~~~~~~~~~~~~^^^^^^^^^^^^^^^^^^^^^^^^^^^^^^^^^^^^^^^^^
  File "C:\Users\Alex\Documents\video_ffmpeg\.venv\Lib\site-packages\customtkinter\windows\widgets\core_widget_classes\ctk_base_class.py", line 133, in configure
    check_kwargs_empty(kwargs, raise_error=True)
    ~~~~~~~~~~~~~~~~~~^^^^^^^^^^^^^^^^^^^^^^^^^^
  File "C:\Users\Alex\Documents\video_ffmpeg\.venv\Lib\site-packages\customtkinter\windows\widgets\utility\utility_functions.py", line 18, in check_kwargs_empty
    raise ValueError(f"{list(kwargs_dict.keys())} are not supported arguments. Look at the documentation for supported arguments.")
ValueError: ['text'] are not supported arguments. Look at the documentation for supported arguments.
